proguard/seeds.txt
com.dayu.fzd.BindActivity
com.dayu.fzd.BindActivity: BindActivity()
com.dayu.fzd.BindpicActivity
com.dayu.fzd.BindpicActivity: BindpicActivity()
com.dayu.fzd.CardpwdActivity
com.dayu.fzd.CardpwdActivity: CardpwdActivity()
com.dayu.fzd.ChangebindnameActivity
com.dayu.fzd.ChangebindnameActivity: ChangebindnameActivity()
com.dayu.fzd.ExpWebActivity
com.dayu.fzd.ExpWebActivity: ExpWebActivity()
com.dayu.fzd.LauncherViewActivity
com.dayu.fzd.LauncherViewActivity: LauncherViewActivity()
com.dayu.fzd.LauncherViewActivity: void onClick(android.view.View)
com.dayu.fzd.LiebiaoActivity
com.dayu.fzd.LiebiaoActivity: LiebiaoActivity()
com.dayu.fzd.R$anim: int abc_fade_in
com.dayu.fzd.R$anim: int abc_fade_out
com.dayu.fzd.R$anim: int abc_slide_in_bottom
com.dayu.fzd.R$anim: int abc_slide_in_top
com.dayu.fzd.R$anim: int abc_slide_out_bottom
com.dayu.fzd.R$anim: int abc_slide_out_top
com.dayu.fzd.R$attr: int actionBarDivider
com.dayu.fzd.R$attr: int actionBarItemBackground
com.dayu.fzd.R$attr: int actionBarSize
com.dayu.fzd.R$attr: int actionBarSplitStyle
com.dayu.fzd.R$attr: int actionBarStyle
com.dayu.fzd.R$attr: int actionBarTabBarStyle
com.dayu.fzd.R$attr: int actionBarTabStyle
com.dayu.fzd.R$attr: int actionBarTabTextStyle
com.dayu.fzd.R$attr: int actionBarWidgetTheme
com.dayu.fzd.R$attr: int actionButtonStyle
com.dayu.fzd.R$attr: int actionDropDownStyle
com.dayu.fzd.R$attr: int actionLayout
com.dayu.fzd.R$attr: int actionMenuTextAppearance
com.dayu.fzd.R$attr: int actionMenuTextColor
com.dayu.fzd.R$attr: int actionModeBackground
com.dayu.fzd.R$attr: int actionModeCloseButtonStyle
com.dayu.fzd.R$attr: int actionModeCloseDrawable
com.dayu.fzd.R$attr: int actionModeCopyDrawable
com.dayu.fzd.R$attr: int actionModeCutDrawable
com.dayu.fzd.R$attr: int actionModeFindDrawable
com.dayu.fzd.R$attr: int actionModePasteDrawable
com.dayu.fzd.R$attr: int actionModePopupWindowStyle
com.dayu.fzd.R$attr: int actionModeSelectAllDrawable
com.dayu.fzd.R$attr: int actionModeShareDrawable
com.dayu.fzd.R$attr: int actionModeSplitBackground
com.dayu.fzd.R$attr: int actionModeStyle
com.dayu.fzd.R$attr: int actionModeWebSearchDrawable
com.dayu.fzd.R$attr: int actionOverflowButtonStyle
com.dayu.fzd.R$attr: int actionProviderClass
com.dayu.fzd.R$attr: int actionViewClass
com.dayu.fzd.R$attr: int activityChooserViewStyle
com.dayu.fzd.R$bool: int abc_action_bar_embed_tabs_pre_jb
com.dayu.fzd.R$bool: int abc_action_bar_expanded_action_views_exclusive
com.dayu.fzd.R$bool: int abc_config_actionMenuItemAllCaps
com.dayu.fzd.R$bool: int abc_config_allowActionMenuItemTextWithIcon
com.dayu.fzd.R$bool: int abc_config_showMenuShortcutsWhenKeyboardPresent
com.dayu.fzd.R$bool: int abc_split_action_bar_is_narrow
com.dayu.fzd.R$color: int abc_search_url_text_holo
com.dayu.fzd.R$color: int abc_search_url_text_normal
com.dayu.fzd.R$color: int abc_search_url_text_pressed
com.dayu.fzd.R$color: int abc_search_url_text_selected
...
com.amap.api.maps2d.CoordinateConverter$CoordType: com.amap.api.maps2d.CoordinateConverter$CoordType[] values()
com.amap.api.maps2d.CoordinateConverter$CoordType: com.amap.api.maps2d.CoordinateConverter$CoordType valueOf(java.lang.String)
com.amap.api.maps2d.MapView
com.amap.api.maps2d.MapView: MapView(android.content.Context)
com.amap.api.maps2d.MapView: MapView(android.content.Context,android.util.AttributeSet)
com.amap.api.maps2d.MapView: MapView(android.content.Context,android.util.AttributeSet,int)
com.amap.api.maps2d.MapView: MapView(android.content.Context,com.amap.api.maps2d.AMapOptions)
com.amap.api.maps2d.MapView: com.amap.api.mapcore2d.ag getMapFragmentDelegate()
com.amap.api.maps2d.MapView: com.amap.api.maps2d.AMap getMap()
com.amap.api.maps2d.model.BitmapDescriptor
com.amap.api.maps2d.model.CameraPosition
com.amap.api.maps2d.model.CircleOptions
com.amap.api.maps2d.model.GroundOverlayOptions
com.amap.api.maps2d.model.LatLng
com.amap.api.maps2d.model.LatLngBounds
com.amap.api.maps2d.model.MarkerOptions
com.amap.api.maps2d.model.MyLocationStyle
com.amap.api.maps2d.model.PolygonOptions
com.amap.api.maps2d.model.PolylineOptions
com.amap.api.maps2d.model.TextOptions
com.amap.api.maps2d.model.Tile
com.amap.api.maps2d.model.TileOverlayOptions
com.amap.api.maps2d.model.VisibleRegion
com.amap.api.services.busline.BusLineItem
com.amap.api.services.busline.BusLineItem: android.os.Parcelable$Creator CREATOR
com.amap.api.services.busline.BusLineQuery$SearchType: com.amap.api.services.busline.BusLineQuery$SearchType[] values()
com.amap.api.services.busline.BusLineQuery$SearchType: com.amap.api.services.busline.BusLineQuery$SearchType valueOf(java.lang.String)
com.amap.api.services.busline.BusStationItem
com.amap.api.services.busline.BusStationItem: android.os.Parcelable$Creator CREATOR
com.amap.api.services.core.LatLonPoint
com.amap.api.services.core.LatLonPoint: android.os.Parcelable$Creator CREATOR
com.amap.api.services.core.PoiItem
com.amap.api.services.core.PoiItem: android.os.Parcelable$Creator CREATOR
com.amap.api.services.district.DistrictItem
com.amap.api.services.district.DistrictItem: android.os.Parcelable$Creator CREATOR
com.amap.api.services.district.DistrictResult
com.amap.api.services.district.DistrictSearchQuery
com.amap.api.services.district.DistrictSearchQuery: android.os.Parcelable$Creator CREATOR
com.amap.api.services.geocoder.BusinessArea
com.amap.api.services.geocoder.BusinessArea: android.os.Parcelable$Creator CREATOR
com.amap.api.services.geocoder.GeocodeAddress
com.amap.api.services.geocoder.GeocodeAddress: android.os.Parcelable$Creator CREATOR
com.amap.api.services.geocoder.RegeocodeAddress
com.amap.api.services.geocoder.RegeocodeAddress: android.os.Parcelable$Creator CREATOR
com.amap.api.services.geocoder.RegeocodeRoad
com.amap.api.services.geocoder.RegeocodeRoad: android.os.Parcelable$Creator CREATOR
com.amap.api.services.geocoder.StreetNumber
com.amap.api.services.geocoder.StreetNumber: android.os.Parcelable$Creator CREATOR
com.amap.api.services.help.Tip
com.amap.api.services.help.Tip: android.os.Parcelable$Creator CREATOR
com.amap.api.services.poisearch.Cinema
com.amap.api.services.poisearch.Cinema: android.os.Parcelable$Creator CREATOR
com.amap.api.services.poisearch.Dining
com.amap.api.services.poisearch.Dining: android.os.Parcelable$Creator CREATOR
com.amap.api.services.poisearch.Discount
com.amap.api.services.poisearch.Discount: android.os.Parcelable$Creator CREATOR
com.amap.api.services.poisearch.Groupbuy
com.amap.api.services.poisearch.Groupbuy: android.os.Parcelable$Creator CREATOR
com.amap.api.services.poisearch.Hotel
com.amap.api.services.poisearch.Hotel: android.os.Parcelable$Creator CREATOR
com.amap.api.services.poisearch.Photo
com.amap.api.services.poisearch.Photo: android.os.Parcelable$Creator CREATOR