proguard/mapping.txt
com.dayu.fzd.BindActivity -> com.dayu.fzd.BindActivity:
    java.lang.String Imei -> a
    void onCreate(android.os.Bundle) -> onCreate
    int getWordlength(java.lang.String) -> a
    void Bindphone() -> a
    boolean onCreateOptionsMenu(android.view.Menu) -> onCreateOptionsMenu
    void access$0(com.dayu.fzd.BindActivity) -> a
com.dayu.fzd.BindActivity$1 -> com.dayu.fzd.a:
    com.dayu.fzd.BindActivity this$0 -> a
    void onClick(android.view.View) -> onClick
com.dayu.fzd.BindpicActivity -> com.dayu.fzd.BindpicActivity:
    java.lang.String selectpic -> a
    int serialid -> b
    void onCreate(android.os.Bundle) -> onCreate
    void finishActivity(int) -> finishActivity
    boolean onCreateOptionsMenu(android.view.Menu) -> onCreateOptionsMenu
com.dayu.fzd.BindpicActivity$1 -> com.dayu.fzd.b:
    com.dayu.fzd.BindpicActivity this$0 -> a
    void onCheckedChanged(android.widget.RadioGroup,int) -> onCheckedChanged
com.dayu.fzd.BindpicActivity$2 -> com.dayu.fzd.c:
    com.dayu.fzd.BindpicActivity this$0 -> a
    void onClick(android.view.View) -> onClick
com.dayu.fzd.CardpwdActivity -> com.dayu.fzd.CardpwdActivity:
    java.lang.String Imei -> a
    void onCreate(android.os.Bundle) -> onCreate
    int getWordlength(java.lang.String) -> a
    void Cardpwd() -> a
    boolean onCreateOptionsMenu(android.view.Menu) -> onCreateOptionsMenu
    void access$0(com.dayu.fzd.CardpwdActivity) -> a
com.dayu.fzd.CardpwdActivity$1 -> com.dayu.fzd.d:
    com.dayu.fzd.CardpwdActivity this$0 -> a
    void onClick(android.view.View) -> onClick
com.dayu.fzd.ChangebindnameActivity -> com.dayu.fzd.ChangebindnameActivity:
    int[] picid -> a
    java.lang.String owner -> b
    void onCreate(android.os.Bundle) -> onCreate
    int getWordlength(java.lang.String) -> a
    android.graphics.Point getDisplayInfomation() -> a
    java.lang.Boolean updatebindinfo(int) -> a
    void onActivityResult(int,int,android.content.Intent) -> onActivityResult
    boolean onCreateOptionsMenu(android.view.Menu) -> onCreateOptionsMenu
    java.lang.Boolean access$0(com.dayu.fzd.ChangebindnameActivity,int) -> a
com.dayu.fzd.ChangebindnameActivity$1 -> com.dayu.fzd.e:
    com.dayu.fzd.ChangebindnameActivity this$0 -> a
    void onClick(android.view.View) -> onClick
com.dayu.fzd.ChangebindnameActivity$2 -> com.dayu.fzd.f:
    com.dayu.fzd.ChangebindnameActivity this$0 -> a
    void onClick(android.view.View) -> onClick
com.dayu.fzd.ExpWebActivity -> com.dayu.fzd.ExpWebActivity:
    android.webkit.WebView v_help -> a
    android.widget.ProgressBar bar -> b
    void onCreate(android.os.Bundle) -> onCreate
    boolean onKeyDown(int,android.view.KeyEvent) -> onKeyDown
    android.widget.ProgressBar access$0(com.dayu.fzd.ExpWebActivity) -> a
com.dayu.fzd.ExpWebActivity$1 -> com.dayu.fzd.g:
    com.dayu.fzd.ExpWebActivity this$0 -> a
    boolean shouldOverrideUrlLoading(android.webkit.WebView,java.lang.String) -> shouldOverrideUrlLoading
com.dayu.fzd.ExpWebActivity$2 -> com.dayu.fzd.h:
    com.dayu.fzd.ExpWebActivity this$0 -> a
    void onProgressChanged(android.webkit.WebView,int) -> onProgressChanged
com.dayu.fzd.ExpWebActivity$3 -> com.dayu.fzd.i:
    com.dayu.fzd.ExpWebActivity this$0 -> a
    void onClick(android.view.View) -> onClick
com.dayu.fzd.ExpWebActivity$4 -> com.dayu.fzd.j:
    com.dayu.fzd.ExpWebActivity this$0 -> a
    void onClick(android.view.View) -> onClick
...
com.amap.api.mapcore2d.de -> com.amap.api.a.cz:
    java.lang.String a -> a
    boolean b -> b
    java.lang.String c -> c
    java.lang.String d -> d
    java.lang.String e -> e
    java.lang.String f -> f
    java.lang.String a(android.content.Context) -> a
    java.lang.String b(android.content.Context) -> b
    int c(android.content.Context) -> c
    int d(android.content.Context) -> d
    java.lang.String e(android.content.Context) -> e
    void a() -> a
    java.lang.String f(android.content.Context) -> f
    java.lang.String g(android.content.Context) -> g
    java.lang.String h(android.content.Context) -> h
    java.lang.String i(android.content.Context) -> i
    java.lang.String[] j(android.content.Context) -> j
    java.lang.String k(android.content.Context) -> k
    int l(android.content.Context) -> l
    int m(android.content.Context) -> m
    android.net.NetworkInfo n(android.content.Context) -> n
    java.lang.String o(android.content.Context) -> o
    java.lang.String p(android.content.Context) -> p
    java.lang.String q(android.content.Context) -> q
    java.lang.String r(android.content.Context) -> r
    java.lang.String s(android.content.Context) -> s
    java.lang.String t(android.content.Context) -> t
    java.lang.String u(android.content.Context) -> u
    int v(android.content.Context) -> v
    java.lang.String w(android.content.Context) -> w
    int x(android.content.Context) -> x
com.amap.api.mapcore2d.de$a -> com.amap.api.a.da:
    void startElement(java.lang.String,java.lang.String,java.lang.String,org.xml.sax.Attributes) -> startElement
    void characters(char[],int,int) -> characters
    void endElement(java.lang.String,java.lang.String,java.lang.String) -> endElement
com.amap.api.mapcore2d.df -> com.amap.api.a.db:
    char[] a -> a
    byte[] b -> b
    java.lang.String a(java.lang.String) -> a
    java.lang.String a(byte[]) -> a
    byte[] a(byte[],byte[]) -> a
    byte[] b(byte[],byte[]) -> b
    byte[] a(byte[],java.security.Key) -> a
    byte[] b(java.lang.String) -> b
    java.lang.String c(byte[]) -> c
    java.lang.String b(byte[]) -> b
com.amap.api.mapcore2d.dg -> com.amap.api.a.dc:
    java.lang.String a(java.lang.String) -> a
    java.lang.String a(byte[]) -> a
    java.lang.String b(java.lang.String) -> b
    byte[] a(byte[],java.lang.String) -> a
    byte[] b(byte[]) -> b
    byte[] c(java.lang.String) -> c
    byte[] d(java.lang.String) -> d
    byte[] e(java.lang.String) -> e
com.amap.api.mapcore2d.dh -> com.amap.api.a.dd:
    java.net.Proxy a(android.content.Context) -> a
    java.net.Proxy b(android.content.Context) -> b
    boolean a(java.lang.String,int) -> a
    java.lang.String a() -> a
    java.net.Proxy a(android.content.Context,java.net.URI) -> a
    int b() -> b
com.amap.api.mapcore2d.di -> com.amap.api.a.de:
    java.lang.String a -> a
    java.lang.String b -> b
    java.lang.String c -> c
    boolean d -> d
    java.lang.String e -> e
    java.lang.String[] f -> f
    java.lang.String a() -> a
    java.lang.String b() -> b
    java.lang.String c() -> c
    java.lang.String d() -> d
    boolean e() -> e
    java.lang.String[] f() -> f
com.amap.api.mapcore2d.di$1 -> com.amap.api.a.df: