proguard/usage.txt
com.dayu.fzd.BuildConfig
com.dayu.fzd.ChangebindnameActivity:
    private static final int REQUEST_BINDPIC
com.dayu.fzd.R
com.dayu.fzd.R$anim
com.dayu.fzd.R$attr
com.dayu.fzd.R$bool
com.dayu.fzd.R$color
com.dayu.fzd.R$dimen
com.dayu.fzd.R$drawable
com.dayu.fzd.R$id
com.dayu.fzd.R$integer
com.dayu.fzd.R$layout
com.dayu.fzd.R$menu
com.dayu.fzd.R$string
com.dayu.fzd.R$style
com.dayu.fzd.R$styleable
com.dayu.fzd.ShowseriActivity:
    private static final int REG_OK
    private static final int REG_EXITS
    private static final int REG_FAIL
    private static final int REG_BACKLIST
com.dayu.fzd.TraceActivity:
    private static final int BINDPHONE
    private static final int REFRESHGPS
    private static final int DOWNLOAD_ING
    private static final int DOWNLOAD_FINISH
    protected static final int doplay
    java.util.List list
    android.widget.TextView liebiao
    1488:1492:public int getIntFromColor(int,int,int)
com.dayu.fzd.TraceActivity$Tea
com.dayu.fzd.TraceActivity$dorefreshgps
com.dayu.fzd.densityutil:
    5:5:public densityutil()
    16:17:public static int px2dip(android.content.Context,float)
com.dayu.fzd.xBindActivity
com.dayu.fzd.xBindActivity$1
com.dayu.fzd.xBindpicActivity
com.dayu.fzd.xBindpicActivity$1
com.dayu.fzd.xBindpicActivity$2
com.dayu.fzd.xChangebindnameActivity
com.dayu.fzd.xChangebindnameActivity$1
com.dayu.fzd.xChangebindnameActivity$2
com.dayu.fzd.xLiebiaoActivity
com.dayu.fzd.xLiebiaoActivity$1
com.dayu.fzd.xShowseriActivity
com.dayu.fzd.xShowseriActivity$1
com.dayu.fzd.xShowseriActivity$Loopthread
com.dayu.fzd.xShowseriActivity$Loopthread$1
com.dayu.fzd.xTraceActivity
com.dayu.fzd.xTraceActivity$1
com.dayu.fzd.xTraceActivity$10
com.dayu.fzd.xTraceActivity$11
com.dayu.fzd.xTraceActivity$12
com.dayu.fzd.xTraceActivity$13
com.dayu.fzd.xTraceActivity$14
com.dayu.fzd.xTraceActivity$15
com.dayu.fzd.xTraceActivity$16
com.dayu.fzd.xTraceActivity$17
com.dayu.fzd.xTraceActivity$18
com.dayu.fzd.xTraceActivity$19
com.dayu.fzd.xTraceActivity$19$1
com.dayu.fzd.xTraceActivity$2
com.dayu.fzd.xTraceActivity$20
com.dayu.fzd.xTraceActivity$21
com.dayu.fzd.xTraceActivity$21$1
com.dayu.fzd.xTraceActivity$3
com.dayu.fzd.xTraceActivity$4
com.dayu.fzd.xTraceActivity$5
com.dayu.fzd.xTraceActivity$6
com.dayu.fzd.xTraceActivity$7
com.dayu.fzd.xTraceActivity$8
com.dayu.fzd.xTraceActivity$9
com.dayu.fzd.xTraceActivity$dogetbindphone
com.dayu.fzd.xTraceActivity$dorefreshgps
com.dayu.fzd.xTraceActivity$guijiplay
com.dayu.fzd.xTraceActivity$guijiplay$1
com.dayu.fzd.xWebActivity
com.dayu.fzd.xWebActivity$1
com.dayu.fzd.xWebActivity$2
com.dayu.fzd.xWebActivity$3
com.dayu.fzd.xdensityutil
com.dayu.fzd.zBindActivity
com.dayu.fzd.zBindActivity$1
com.dayu.fzd.zBindpicActivity
com.dayu.fzd.zBindpicActivity$1
com.dayu.fzd.zBindpicActivity$2
com.dayu.fzd.zChangebindnameActivity
com.dayu.fzd.zChangebindnameActivity$1
com.dayu.fzd.zChangebindnameActivity$2
com.dayu.fzd.zLiebiaoActivity
com.dayu.fzd.zLiebiaoActivity$1
com.dayu.fzd.zShowseriActivity
com.dayu.fzd.zShowseriActivity$1
com.dayu.fzd.zShowseriActivity$Loopthread
com.dayu.fzd.zShowseriActivity$Loopthread$1
com.dayu.fzd.zTraceActivity
com.dayu.fzd.zTraceActivity$1
com.dayu.fzd.zTraceActivity$10
com.dayu.fzd.zTraceActivity$11
com.dayu.fzd.zTraceActivity$12
com.dayu.fzd.zTraceActivity$13
com.dayu.fzd.zTraceActivity$14
com.dayu.fzd.zTraceActivity$15
com.dayu.fzd.zTraceActivity$16
com.dayu.fzd.zTraceActivity$17
com.dayu.fzd.zTraceActivity$18
com.dayu.fzd.zTraceActivity$19
com.dayu.fzd.zTraceActivity$19$1
com.dayu.fzd.zTraceActivity$2
com.dayu.fzd.zTraceActivity$20
com.dayu.fzd.zTraceActivity$21
com.dayu.fzd.zTraceActivity$21$1
com.dayu.fzd.zTraceActivity$3
com.dayu.fzd.zTraceActivity$4
com.dayu.fzd.zTraceActivity$5
com.dayu.fzd.zTraceActivity$6
com.dayu.fzd.zTraceActivity$7
com.dayu.fzd.zTraceActivity$8
com.dayu.fzd.zTraceActivity$9
...
com.amap.api.maps2d.model.MyTrafficStyle
com.amap.api.maps2d.model.NaviPara
com.amap.api.maps2d.model.PoiPara
com.amap.api.maps2d.model.Polygon
com.amap.api.maps2d.model.PolygonOptions:
    74:75:public com.amap.api.maps2d.model.PolygonOptions add(com.amap.api.maps2d.model.LatLng)
    96:101:public com.amap.api.maps2d.model.PolygonOptions addAll(java.lang.Iterable)
    182:182:public java.util.List getPoints()
    196:196:public float getStrokeWidth()
    206:206:public int getStrokeColor()
    216:216:public int getFillColor()
    226:226:public float getZIndex()
    236:236:public boolean isVisible()
com.amap.api.maps2d.model.Polyline
com.amap.api.maps2d.model.PolylineOptions:
    52:53:public com.amap.api.maps2d.model.PolylineOptions add(com.amap.api.maps2d.model.LatLng)
    63:64:public varargs com.amap.api.maps2d.model.PolylineOptions add(com.amap.api.maps2d.model.LatLng[])
com.amap.api.maps2d.model.RoutePara
com.amap.api.maps2d.model.Text:
    public static final int ALIGN_LEFT
    public static final int ALIGN_RIGHT
    public static final int ALIGN_CENTER_HORIZONTAL
    public static final int ALIGN_TOP
    public static final int ALIGN_BOTTOM
    public static final int ALIGN_CENTER_VERTICAL
    77:78:public void setPosition(com.amap.api.maps2d.model.LatLng)
    87:87:public com.amap.api.maps2d.model.LatLng getPosition()
    97:97:public float getZIndex()
    107:108:public void setZIndex(float)
    116:117:public void remove()
    120:121:public void setObject(java.lang.Object)
    124:124:public java.lang.Object getObject()
    136:137:public void setText(java.lang.String)
    146:146:public java.lang.String getText()
    157:158:public void setFontSize(int)
    167:167:public int getFontSize()
    177:178:public void setFontColor(int)
    187:187:public int getFontColor()
    198:199:public void setRotate(float)
    208:208:public float getRotate()
    218:219:public void setBackgroundColor(int)
    228:228:public int getBackgroundColor()
    238:239:public void setTypeface(android.graphics.Typeface)
    248:248:public android.graphics.Typeface getTypeface()
    258:258:public int getAlignX()
    268:268:public int getAlignY()
    279:280:public void setAlign(int,int)
com.amap.api.maps2d.model.TileOverlay:
    35:36:public void remove()
    44:45:public void clearTileCache()
    54:54:public java.lang.String getId()
    64:65:public void setZIndex(float)
    74:74:public float getZIndex()
    84:85:public void setVisible(boolean)
    94:94:public boolean isVisible()
com.amap.api.maps2d.model.TileOverlayOptions:
    85:86:public com.amap.api.maps2d.model.TileOverlayOptions zIndex(float)
    97:98:public com.amap.api.maps2d.model.TileOverlayOptions visible(boolean)
    173:173:public com.amap.api.maps2d.model.TileProvider getTileProvider()
    183:183:public float getZIndex()
    193:193:public boolean isVisible()
    207:207:public int getMemCacheSize()
    217:217:public int getDiskCacheSize()
    227:227:public java.lang.String getDiskCacheDir()
    237:237:public boolean getMemoryCacheEnabled()
    247:247:public boolean getDiskCacheEnabled()
com.amap.api.maps2d.model.TileProvider:
    public abstract int getTileWidth()
    public abstract int getTileHeight()
com.amap.api.maps2d.model.UrlTileProvider
com.amap.api.maps2d.model.VisibleRegion:
    65:66:public VisibleRegion(com.amap.api.maps2d.model.LatLng,com.amap.api.maps2d.model.LatLng,com.amap.api.maps2d.model.LatLng,com.amap.api.maps2d.model.LatLng,com.amap.api.maps2d.model.LatLngBounds)
com.amap.api.maps2d.overlay.BusLineOverlay
com.amap.api.maps2d.overlay.BusRouteOverlay
com.amap.api.maps2d.overlay.DrivingRouteOverlay
com.amap.api.maps2d.overlay.PoiOverlay
com.amap.api.maps2d.overlay.WalkRouteOverlay
com.amap.api.maps2d.overlay.a
com.amap.api.maps2d.overlay.b